
data inst_amo1 bhiw_amo1
plot device xs
SPEX> ignore 5:30 unit ang
dist 0.01158 z
comp reds
par 1 1 z value 0.01158
par 1 1 z status f
comp hot
par 1 2 nh value 8.5e-3
par 1 2 nh status f
par 1 2 t s f
comp pow
par 1 3 norm val 5e8
com rel 3 1,2
cal
plot type data
plot ux ang
plot uy fang
pl
fit
 Welcome joey to SPEX version 3.07.03

 NEW in this version of SPEX: 
01-12-2022 Fixed issue with plot cap command
05-12-2022 Fixed issue with knak model
22-03-2023 Fixed issue with treatment of bad quality bins in trafo
23-03-2023 Fixed small issues in the pyspex interface

 Currently using SPEXACT version 2.07.00. Type `help var calc` for details.
 Distances assuming H0 =  70.0 km/s/Mpc, Omega_m = 0.300 Omega_Lambda = 0.700 Omega_r = 0.000
Sector       m      A.U.        ly        pc       kpc       Mpc  redshift        cz   age(yr)
----------------------------------------------------------------------------------------------
   1 1.544E+24 1.032E+13 1.632E+08 5.004E+07 5.004E+04   50.0375    0.0116    3471.6 1.604E+08
----------------------------------------------------------------------------------------------

 You have defined    1 component.
 You have defined    2 components.
 You have defined    3 components.
--------------------------------------------------------------------------------------------------
sect comp mod  acro parameter with unit     value      status    minimum   maximum lsec lcom lpar

   1    1 reds z    Redshift             1.1580000E-02 frozen   -1.0      1.00E+10
   1    1 reds flag Flag: cosmo=0, vel=1  0.000000     frozen    0.0       1.0

   1    2 hot  nh   X-Column (1E28/m**2) 8.5000005E-03 frozen    0.0      1.00E+20
   1    2 hot  t    Temperature (keV)    1.0000000E-06 frozen   1.00E-06  1.00E+03
   1    2 hot  rt   T(balance) / T(spec)  1.000000     frozen   1.00E-04  1.00E+04
   1    2 hot  hden Hyd dens (1E20/m**3) 9.9999998E-15 frozen   1.00E-22  1.00E+10
   1    2 hot  fcov Covering fraction     1.000000     frozen    0.0       1.0
   1    2 hot  v    RMS Velocity (km/s)   100.0000     frozen    0.0      3.00E+05
   1    2 hot  rms  RMS blend    (km/s)   0.000000     frozen    0.0      1.00E+05
   1    2 hot  dv   Vel. separ. (km/s)    100.0000     frozen    0.0      1.00E+05
   1    2 hot  zv   Average vel. (km/s)   0.000000     frozen  -1.00E+05  1.00E+05
   1    2 hot  ref  Reference atom        1.000000     frozen    1.0       30.
   1    2 hot  01   Abundance H           1.000000     frozen    0.0      1.00E+10
   1    2 hot  02   Abundance He          1.000000     frozen    0.0      1.00E+10
   1    2 hot  03   Abundance Li          1.000000     frozen    0.0      1.00E+10
   1    2 hot  04   Abundance Be          1.000000     frozen    0.0      1.00E+10
   1    2 hot  05   Abundance B           1.000000     frozen    0.0      1.00E+10
   1    2 hot  06   Abundance C           1.000000     frozen    0.0      1.00E+10
   1    2 hot  07   Abundance N           1.000000     frozen    0.0      1.00E+10
   1    2 hot  08   Abundance O           1.000000     frozen    0.0      1.00E+10
   1    2 hot  09   Abundance F           1.000000     frozen    0.0      1.00E+10
   1    2 hot  10   Abundance Ne          1.000000     frozen    0.0      1.00E+10
   1    2 hot  11   Abundance Na          1.000000     frozen    0.0      1.00E+10
   1    2 hot  12   Abundance Mg          1.000000     frozen    0.0      1.00E+10
   1    2 hot  13   Abundance Al          1.000000     frozen    0.0      1.00E+10
   1    2 hot  14   Abundance Si          1.000000     frozen    0.0      1.00E+10
   1    2 hot  15   Abundance P           1.000000     frozen    0.0      1.00E+10
   1    2 hot  16   Abundance S           1.000000     frozen    0.0      1.00E+10
   1    2 hot  17   Abundance Cl          1.000000     frozen    0.0      1.00E+10
   1    2 hot  18   Abundance Ar          1.000000     frozen    0.0      1.00E+10
   1    2 hot  19   Abundance K           1.000000     frozen    0.0      1.00E+10
   1    2 hot  20   Abundance Ca          1.000000     frozen    0.0      1.00E+10
   1    2 hot  21   Abundance Sc          1.000000     frozen    0.0      1.00E+10
   1    2 hot  22   Abundance Ti          1.000000     frozen    0.0      1.00E+10
   1    2 hot  23   Abundance V           1.000000     frozen    0.0      1.00E+10
   1    2 hot  24   Abundance Cr          1.000000     frozen    0.0      1.00E+10
pl
model show
par show free
quit
   1    2 hot  25   Abundance Mn          1.000000     frozen    0.0      1.00E+10
   1    2 hot  26   Abundance Fe          1.000000     frozen    0.0      1.00E+10
   1    2 hot  27   Abundance Co          1.000000     frozen    0.0      1.00E+10
   1    2 hot  28   Abundance Ni          1.000000     frozen    0.0      1.00E+10
   1    2 hot  29   Abundance Cu          1.000000     frozen    0.0      1.00E+10
   1    2 hot  30   Abundance Zn          1.000000     frozen    0.0      1.00E+10
   1    2 hot  file File electr.distrib.
   1    2 hot  b    B field (Tesla)       0.000000     frozen    0.0      1.00E+05

   1    3 pow  norm Norm (1E44 ph/s/keV) 4.9838192E+08 thawn     0.0      1.00E+20
   1    3 pow  gamm Photon index          1.812584     thawn    -10.       10.
   1    3 pow  dgam Photon index break    0.000000     frozen   -10.       10.
   1    3 pow  e0   Break energy (keV)   1.0000000E+10 frozen    0.0      1.00E+20
   1    3 pow  b    Break strength        0.000000     frozen    0.0       10.
   1    3 pow  type Type of norm          0.000000     frozen    0.0       1.0
   1    3 pow  elow Low flux limit (keV)  2.000000     frozen   1.00E-20  1.00E+10
   1    3 pow  eupp Upp flux limit (keV)  10.00000     frozen   1.00E-20  1.00E+10
   1    3 pow  lum  Luminosity (1E30 W)  1.7081086E+07 frozen    0.0      1.00E+20


Instrument     1 region    1 has norm    1.00000E+00 and is frozen

--------------------------------------------------------------------------------
 Fluxes and restframe luminosities between   2.0000     and    10.000     keV

 sect comp mod   photon flux   energy flux nr of photons    luminosity
              (phot/m**2/s)      (W/m**2)   (photons/s)           (W)
    1    3 pow    768.640      5.334936E-13  2.547762E+52  1.708084E+37

--------------------------------------------------------------------------------
 Fit method        : Classical Levenberg-Marquardt
 Fit statistic     : C-statistic
 Fit statistic used:       394.41
 C-statistic       :       394.41
 Expected C-stat   :       339.18 +/-        25.81
 Chi-squared value :       385.65
 Degrees of freedom:       336
 W-statistic       :       393.90

--------------------------------------------------------------------------------
 Number of sectors         :     1
 Sector:    1 Number of model components:     3
    Nr.    1: reds
    Nr.    2: hot
    Nr.    3: pow [1,2 ]
--------------------------------------------------------------------------------------------------
sect comp mod  acro parameter with unit     value      status    minimum   maximum lsec lcom lpar



   1    3 pow  norm Norm (1E44 ph/s/keV) 4.9838192E+08 thawn     0.0      1.00E+20
   1    3 pow  gamm Photon index          1.812584     thawn    -10.       10.


Instrument     1 region    1 has norm    1.00000E+00 and is frozen

--------------------------------------------------------------------------------
 Fluxes and restframe luminosities between   2.0000     and    10.000     keV

 sect comp mod   photon flux   energy flux nr of photons    luminosity
              (phot/m**2/s)      (W/m**2)   (photons/s)           (W)
    1    3 pow    768.640      5.334936E-13  2.547762E+52  1.708084E+37

--------------------------------------------------------------------------------
 Fit method        : Classical Levenberg-Marquardt
 Fit statistic     : C-statistic
 Fit statistic used:       394.41
 C-statistic       :       394.41
 Expected C-stat   :       339.18 +/-        25.81
 Chi-squared value :       385.65
 Degrees of freedom:       336
 W-statistic       :       393.90

 Thank you for using SPEX 
