log output 5-2-2 overwrite
--------------------------------------------------------------------------------
 Number of sectors         :     1
 Sector:    1 Number of model components:     4
    Nr.    1: reds
    Nr.    2: hot
    Nr.    3: pow [1,2 ]
    Nr.    4: mbb [1,2 ]
model show
--------------------------------------------------------------------------------------------------
sect comp mod  acro parameter with unit     value      status    minimum   maximum lsec lcom lpar

   1    1 reds z    Redshift             1.1580000E-02 frozen   -1.0      1.00E+10
   1    1 reds flag Flag: cosmo=0, vel=1  0.000000     frozen    0.0       1.0

   1    2 hot  nh   X-Column (1E28/m**2) 8.5000005E-03 frozen    0.0      1.00E+20
   1    2 hot  t    Temperature (keV)    1.0000000E-06 frozen   1.00E-06  1.00E+03
   1    2 hot  rt   T(balance) / T(spec)  1.000000     frozen   1.00E-04  1.00E+04
   1    2 hot  hden Hyd dens (1E20/m**3) 9.9999998E-15 frozen   1.00E-22  1.00E+10
   1    2 hot  fcov Covering fraction     1.000000     frozen    0.0       1.0
   1    2 hot  v    RMS Velocity (km/s)   100.0000     frozen    0.0      3.00E+05
   1    2 hot  rms  RMS blend    (km/s)   0.000000     frozen    0.0      1.00E+05
   1    2 hot  dv   Vel. separ. (km/s)    100.0000     frozen    0.0      1.00E+05
   1    2 hot  zv   Average vel. (km/s)   0.000000     frozen  -1.00E+05  1.00E+05
   1    2 hot  ref  Reference atom        1.000000     frozen    1.0       30.
   1    2 hot  01   Abundance H           1.000000     frozen    0.0      1.00E+10
   1    2 hot  02   Abundance He          1.000000     frozen    0.0      1.00E+10
   1    2 hot  03   Abundance Li          1.000000     frozen    0.0      1.00E+10
   1    2 hot  04   Abundance Be          1.000000     frozen    0.0      1.00E+10
   1    2 hot  05   Abundance B           1.000000     frozen    0.0      1.00E+10
   1    2 hot  06   Abundance C           1.000000     frozen    0.0      1.00E+10
   1    2 hot  07   Abundance N           1.000000     frozen    0.0      1.00E+10
   1    2 hot  08   Abundance O           1.000000     frozen    0.0      1.00E+10
   1    2 hot  09   Abundance F           1.000000     frozen    0.0      1.00E+10
   1    2 hot  10   Abundance Ne          1.000000     frozen    0.0      1.00E+10
   1    2 hot  11   Abundance Na          1.000000     frozen    0.0      1.00E+10
   1    2 hot  12   Abundance Mg          1.000000     frozen    0.0      1.00E+10
   1    2 hot  13   Abundance Al          1.000000     frozen    0.0      1.00E+10
   1    2 hot  14   Abundance Si          1.000000     frozen    0.0      1.00E+10
   1    2 hot  15   Abundance P           1.000000     frozen    0.0      1.00E+10
   1    2 hot  16   Abundance S           1.000000     frozen    0.0      1.00E+10
   1    2 hot  17   Abundance Cl          1.000000     frozen    0.0      1.00E+10
   1    2 hot  18   Abundance Ar          1.000000     frozen    0.0      1.00E+10
   1    2 hot  19   Abundance K           1.000000     frozen    0.0      1.00E+10
   1    2 hot  20   Abundance Ca          1.000000     frozen    0.0      1.00E+10
   1    2 hot  21   Abundance Sc          1.000000     frozen    0.0      1.00E+10
   1    2 hot  22   Abundance Ti          1.000000     frozen    0.0      1.00E+10
   1    2 hot  23   Abundance V           1.000000     frozen    0.0      1.00E+10
   1    2 hot  24   Abundance Cr          1.000000     frozen    0.0      1.00E+10
   1    2 hot  25   Abundance Mn          1.000000     frozen    0.0      1.00E+10
   1    2 hot  26   Abundance Fe          1.000000     frozen    0.0      1.00E+10
   1    2 hot  27   Abundance Co          1.000000     frozen    0.0      1.00E+10
   1    2 hot  28   Abundance Ni          1.000000     frozen    0.0      1.00E+10
   1    2 hot  29   Abundance Cu          1.000000     frozen    0.0      1.00E+10
   1    2 hot  30   Abundance Zn          1.000000     frozen    0.0      1.00E+10
   1    2 hot  file File electr.distrib.
   1    2 hot  b    B field (Tesla)       0.000000     frozen    0.0      1.00E+05

   1    3 pow  norm Norm (1E44 ph/s/keV) 4.1938467E+08 thawn     0.0      1.00E+20
   1    3 pow  gamm Photon index          1.692498     thawn    -10.       10.
   1    3 pow  dgam Photon index break    0.000000     frozen   -10.       10.
   1    3 pow  e0   Break energy (keV)   1.0000000E+10 frozen    0.0      1.00E+20
   1    3 pow  b    Break strength        0.000000     frozen    0.0       10.
   1    3 pow  type Type of norm          0.000000     frozen    0.0       1.0
   1    3 pow  elow Low flux limit (keV)  2.000000     frozen   1.00E-20  1.00E+10
   1    3 pow  eupp Upp flux limit (keV)  10.00000     frozen   1.00E-20  1.00E+10
   1    3 pow  lum  Luminosity (1E30 W)  1.7316528E+07 frozen    0.0      1.00E+20

   1    4 mbb  norm Norm (1E26 m**0.5)   1.3373885E+09 thawn     0.0      1.00E+20
   1    4 mbb  t    Temperature (keV)    0.1659700     thawn    1.00E-04  1.00E+03


Instrument     1 region    1 has norm    1.00000E+00 and is frozen

--------------------------------------------------------------------------------
 Fluxes and restframe luminosities between   2.0000     and    10.000     keV

 sect comp mod   photon flux   energy flux nr of photons    luminosity
              (phot/m**2/s)      (W/m**2)   (photons/s)           (W)
    1    3 pow    764.051      5.436076E-13  2.518002E+52  1.731630E+37
    1    4 mbb    4.77612      1.664213E-15  2.135372E+50  7.420666E+34

--------------------------------------------------------------------------------
 Fit method        : Classical Levenberg-Marquardt
 Fit statistic     : C-statistic
 Fit statistic used:    101353.35
 C-statistic       :    101353.35
 Expected C-stat   :      2009.76 +/-        62.62
 Chi-squared value :    836047.75
 Degrees of freedom:      2038
 W-statistic       :    100932.09

par show
log close save
plot close 1
