
data inst_amo1 bhiw_amo1
plot device xs
SPEX> dist 0.01158 z
comp reds
comp hot
comp pow
com mbb
log exe 5-2-2result
SPEX> com pion
com rel 3:4 5,1,2
par 1 5 xil val 1
cal
pl ty data
pl ux ang
pl uy fang
pl
fit
 Welcome joey to SPEX version 3.07.03

 NEW in this version of SPEX: 
01-12-2022 Fixed issue with plot cap command
05-12-2022 Fixed issue with knak model
22-03-2023 Fixed issue with treatment of bad quality bins in trafo
23-03-2023 Fixed small issues in the pyspex interface

 Currently using SPEXACT version 2.07.00. Type `help var calc` for details.
 Distances assuming H0 =  70.0 km/s/Mpc, Omega_m = 0.300 Omega_Lambda = 0.700 Omega_r = 0.000
Sector       m      A.U.        ly        pc       kpc       Mpc  redshift        cz   age(yr)
----------------------------------------------------------------------------------------------
   1 1.544E+24 1.032E+13 1.632E+08 5.004E+07 5.004E+04   50.0375    0.0116    3471.6 1.604E+08
----------------------------------------------------------------------------------------------

 You have defined    1 component.
 You have defined    2 components.
 You have defined    3 components.
 You have defined    4 components.
 Normal end of command file encountered
 You have defined    5 components.
 ** Pion model: Please read the manual page below carefully before use:
 ** https://spex-xray.github.io/spex-help/models/pion.html
--------------------------------------------------------------------------------------------------
sect comp mod  acro parameter with unit     value      status    minimum   maximum lsec lcom lpar

   1    1 reds z    Redshift             1.1580000E-02 frozen   -1.0      1.00E+10
   1    1 reds flag Flag: cosmo=0, vel=1  0.000000     frozen    0.0       1.0

   1    2 hot  nh   X-Column (1E28/m**2) 8.5000005E-03 frozen    0.0      1.00E+20
   1    2 hot  t    Temperature (keV)    1.0000000E-06 frozen   1.00E-06  1.00E+03
   1    2 hot  rt   T(balance) / T(spec)  1.000000     frozen   1.00E-04  1.00E+04
   1    2 hot  hden Hyd dens (1E20/m**3) 9.9999998E-15 frozen   1.00E-22  1.00E+10
   1    2 hot  fcov Covering fraction     1.000000     frozen    0.0       1.0
   1    2 hot  v    RMS Velocity (km/s)   100.0000     frozen    0.0      3.00E+05
   1    2 hot  rms  RMS blend    (km/s)   0.000000     frozen    0.0      1.00E+05
   1    2 hot  dv   Vel. separ. (km/s)    100.0000     frozen    0.0      1.00E+05
   1    2 hot  zv   Average vel. (km/s)   0.000000     frozen  -1.00E+05  1.00E+05
   1    2 hot  ref  Reference atom        1.000000     frozen    1.0       30.
   1    2 hot  01   Abundance H           1.000000     frozen    0.0      1.00E+10
   1    2 hot  02   Abundance He          1.000000     frozen    0.0      1.00E+10
   1    2 hot  03   Abundance Li          1.000000     frozen    0.0      1.00E+10
   1    2 hot  04   Abundance Be          1.000000     frozen    0.0      1.00E+10
   1    2 hot  05   Abundance B           1.000000     frozen    0.0      1.00E+10
   1    2 hot  06   Abundance C           1.000000     frozen    0.0      1.00E+10
   1    2 hot  07   Abundance N           1.000000     frozen    0.0      1.00E+10
   1    2 hot  08   Abundance O           1.000000     frozen    0.0      1.00E+10
   1    2 hot  09   Abundance F           1.000000     frozen    0.0      1.00E+10
   1    2 hot  10   Abundance Ne          1.000000     frozen    0.0      1.00E+10
   1    2 hot  11   Abundance Na          1.000000     frozen    0.0      1.00E+10
   1    2 hot  12   Abundance Mg          1.000000     frozen    0.0      1.00E+10
   1    2 hot  13   Abundance Al          1.000000     frozen    0.0      1.00E+10
   1    2 hot  14   Abundance Si          1.000000     frozen    0.0      1.00E+10
   1    2 hot  15   Abundance P           1.000000     frozen    0.0      1.00E+10
   1    2 hot  16   Abundance S           1.000000     frozen    0.0      1.00E+10
   1    2 hot  17   Abundance Cl          1.000000     frozen    0.0      1.00E+10
   1    2 hot  18   Abundance Ar          1.000000     frozen    0.0      1.00E+10
   1    2 hot  19   Abundance K           1.000000     frozen    0.0      1.00E+10
   1    2 hot  20   Abundance Ca          1.000000     frozen    0.0      1.00E+10
   1    2 hot  21   Abundance Sc          1.000000     frozen    0.0      1.00E+10
   1    2 hot  22   Abundance Ti          1.000000     frozen    0.0      1.00E+10
   1    2 hot  23   Abundance V           1.000000     frozen    0.0      1.00E+10
   1    2 hot  24   Abundance Cr          1.000000     frozen    0.0      1.00E+10
   1    2 hot  25   Abundance Mn          1.000000     frozen    0.0      1.00E+10
   1    2 hot  26   Abundance Fe          1.000000     frozen    0.0      1.00E+10
   1    2 hot  27   Abundance Co          1.000000     frozen    0.0      1.00E+10
   1    2 hot  28   Abundance Ni          1.000000     frozen    0.0      1.00E+10
   1    2 hot  29   Abundance Cu          1.000000     frozen    0.0      1.00E+10
   1    2 hot  30   Abundance Zn          1.000000     frozen    0.0      1.00E+10
   1    2 hot  file File electr.distrib.
   1    2 hot  b    B field (Tesla)       0.000000     frozen    0.0      1.00E+05

   1    3 pow  norm Norm (1E44 ph/s/keV) 5.9714451E+08 thawn     0.0      1.00E+20
   1    3 pow  gamm Photon index          1.910685     thawn    -10.       10.
   1    3 pow  dgam Photon index break    0.000000     frozen   -10.       10.
   1    3 pow  e0   Break energy (keV)   1.0000000E+10 frozen    0.0      1.00E+20
   1    3 pow  b    Break strength        0.000000     frozen    0.0       10.
   1    3 pow  type Type of norm          0.000000     frozen    0.0       1.0
   1    3 pow  elow Low flux limit (keV)  2.000000     frozen   1.00E-20  1.00E+10
   1    3 pow  eupp Upp flux limit (keV)  10.00000     frozen   1.00E-20  1.00E+10
   1    3 pow  lum  Luminosity (1E30 W)  1.7617538E+07 frozen    0.0      1.00E+20

   1    4 mbb  norm Norm (1E26 m**0.5)   5.3027446E+09 thawn     0.0      1.00E+20
   1    4 mbb  t    Temperature (keV)    0.1516176     thawn    1.00E-04  1.00E+03

   1    5 pion nh   X-Column (1E28/m**2) 7.3783146E-03 thawn    1.00E-14  1.00E+20
   1    5 pion xil  Log xi (1E-9 Wm)     0.9744695     thawn    -7.0       10.
   1    5 pion u    U                    9.9170335E-02 frozen   1.00E-10  1.00E+10
   1    5 pion hden X-density(1E20/m**3) 9.9999998E-15 frozen   1.00E-22  1.00E+10
   1    5 pion fcov Covering fraction     1.000000     frozen    0.0       1.0
   1    5 pion v    RMS Velocity (km/s)   100.0000     frozen    0.0      3.00E+05
   1    5 pion rms  RMS blend    (km/s)   0.000000     frozen    0.0      1.00E+05
   1    5 pion dv   Vel. separ. (km/s)    100.0000     frozen    0.0      1.00E+05
   1    5 pion zv   Average vel. (km/s)   0.000000     frozen  -1.00E+05  1.00E+05
   1    5 pion type type (0=xi , 1=lixi)  0.000000     frozen    0.0       1.0
   1    5 pion lixi L_ion/xi (1E39/m)    2.3607069E+08 frozen   1.00E-20  1.00E+20
   1    5 pion ref  Reference atom        1.000000     frozen    1.0       30.
   1    5 pion 01   Abundance H           1.000000     frozen    0.0      1.00E+10
   1    5 pion 02   Abundance He          1.000000     frozen    0.0      1.00E+10
   1    5 pion 03   Abundance Li          0.000000     frozen    0.0      1.00E+10
   1    5 pion 04   Abundance Be          0.000000     frozen    0.0      1.00E+10
   1    5 pion 05   Abundance B           0.000000     frozen    0.0      1.00E+10
   1    5 pion 06   Abundance C           1.000000     frozen    0.0      1.00E+10
   1    5 pion 07   Abundance N           1.000000     frozen    0.0      1.00E+10
   1    5 pion 08   Abundance O           1.000000     frozen    0.0      1.00E+10
   1    5 pion 09   Abundance F           0.000000     frozen    0.0      1.00E+10
   1    5 pion 10   Abundance Ne          1.000000     frozen    0.0      1.00E+10
   1    5 pion 11   Abundance Na          1.000000     frozen    0.0      1.00E+10
   1    5 pion 12   Abundance Mg          1.000000     frozen    0.0      1.00E+10
   1    5 pion 13   Abundance Al          1.000000     frozen    0.0      1.00E+10
   1    5 pion 14   Abundance Si          1.000000     frozen    0.0      1.00E+10
   1    5 pion 15   Abundance P           0.000000     frozen    0.0      1.00E+10
   1    5 pion 16   Abundance S           1.000000     frozen    0.0      1.00E+10
   1    5 pion 17   Abundance Cl          0.000000     frozen    0.0      1.00E+10
pl
log out 5-5-3jmao_fit
par show free
   1    5 pion 18   Abundance Ar          1.000000     frozen    0.0      1.00E+10
   1    5 pion 19   Abundance K           0.000000     frozen    0.0      1.00E+10
   1    5 pion 20   Abundance Ca          1.000000     frozen    0.0      1.00E+10
   1    5 pion 21   Abundance Sc          0.000000     frozen    0.0      1.00E+10
   1    5 pion 22   Abundance Ti          0.000000     frozen    0.0      1.00E+10
   1    5 pion 23   Abundance V           0.000000     frozen    0.0      1.00E+10
   1    5 pion 24   Abundance Cr          0.000000     frozen    0.0      1.00E+10
   1    5 pion 25   Abundance Mn          0.000000     frozen    0.0      1.00E+10
   1    5 pion 26   Abundance Fe          1.000000     frozen    0.0      1.00E+10
   1    5 pion 27   Abundance Co          0.000000     frozen    0.0      1.00E+10
   1    5 pion 28   Abundance Ni          1.000000     frozen    0.0      1.00E+10
   1    5 pion 29   Abundance Cu          0.000000     frozen    0.0      1.00E+10
   1    5 pion 30   Abundance Zn          0.000000     frozen    0.0      1.00E+10
   1    5 pion file File electr.distrib.
   1    5 pion omeg Scaling factor emis.  0.000000     frozen    0.0      1.00E+10
   1    5 pion mix  Fraction forw. emis.  1.000000     frozen    0.0       1.0
   1    5 pion exth Extern heat (W/m**3)  0.000000     frozen  -1.00E+20  1.00E+20
   1    5 pion fmod Show all solutions    0.000000     frozen    0.0       1.0
   1    5 pion soln Which solution        0.000000     frozen    0.0       8.0
   1    5 pion tmod Temperature mode      0.000000     frozen    0.0       1.0
   1    5 pion tinp Input T (keV)         1.000000     frozen   5.00E-04  1.00E+03
   1    5 pion tadi Adiab. cool time (s) 1.0000000E+30 frozen   1.00E-30  1.00E+30
   1    5 pion acc  Acceler. (m/s**2)    5.8257405E-12 frozen    0.0       0.0


Instrument     1 region    1 has norm    1.00000E+00 and is frozen

--------------------------------------------------------------------------------
 Fluxes and restframe luminosities between   2.0000     and    10.000     keV

 sect comp mod   photon flux   energy flux nr of photons    luminosity
              (phot/m**2/s)      (W/m**2)   (photons/s)           (W)
    1    3 pow    749.304      5.207317E-13  2.682502E+52  1.761727E+37
    1    4 mbb    4.56082      1.579606E-15  2.467979E+50  8.517882E+34
    1    5 pion   0.00000       0.00000       0.00000       0.00000

--------------------------------------------------------------------------------
 Fit method        : Classical Levenberg-Marquardt
 Fit statistic     : C-statistic
 Fit statistic used:     81186.08
 C-statistic       :     81186.08
 Expected C-stat   :      2023.71 +/-        62.74
 Chi-squared value :    779473.06
 Degrees of freedom:      2036
 W-statistic       :     80325.59

--------------------------------------------------------------------------------------------------
sect comp mod  acro parameter with unit     value      status    minimum   maximum lsec lcom lpar



   1    3 pow  norm Norm (1E44 ph/s/keV) 5.9714451E+08 thawn     0.0      1.00E+20
   1    3 pow  gamm Photon index          1.910685     thawn    -10.       10.

   1    4 mbb  norm Norm (1E26 m**0.5)   5.3027446E+09 thawn     0.0      1.00E+20
   1    4 mbb  t    Temperature (keV)    0.1516176     thawn    1.00E-04  1.00E+03

   1    5 pion nh   X-Column (1E28/m**2) 7.3783146E-03 thawn    1.00E-14  1.00E+20
   1    5 pion xil  Log xi (1E-9 Wm)     0.9744695     thawn    -7.0       10.


Instrument     1 region    1 has norm    1.00000E+00 and is frozen

--------------------------------------------------------------------------------
 Fluxes and restframe luminosities between   2.0000     and    10.000     keV

 sect comp mod   photon flux   energy flux nr of photons    luminosity
              (phot/m**2/s)      (W/m**2)   (photons/s)           (W)
    1    3 pow    749.304      5.207317E-13  2.682502E+52  1.761727E+37
    1    4 mbb    4.56082      1.579606E-15  2.467979E+50  8.517882E+34
    1    5 pion   0.00000       0.00000       0.00000       0.00000

--------------------------------------------------------------------------------
log close out
par write 5-5-3jmao_par
quit
 Fit method        : Classical Levenberg-Marquardt
 Fit statistic     : C-statistic
 Fit statistic used:     81186.08
 C-statistic       :     81186.08
 Expected C-stat   :      2023.71 +/-        62.74
 Chi-squared value :    779473.06
 Degrees of freedom:      2036
 W-statistic       :     80325.59

 Thank you for using SPEX 
