log output 5-5-2pion
Your command cannot be interpreted. Check the appropriate syntax
Input error: par write
--------------------------------------------------------------------------------------------------
sect comp mod  acro parameter with unit     value      status    minimum   maximum lsec lcom lpar

   1    1 reds z    Redshift             1.1580000E-02 frozen   -1.0      1.00E+10
   1    1 reds flag Flag: cosmo=0, vel=1  0.000000     frozen    0.0       1.0

   1    2 hot  nh   X-Column (1E28/m**2) 7.8300722E-03 frozen    0.0      1.00E+20
   1    2 hot  t    Temperature (keV)    1.0000000E-06 frozen   1.00E-06  1.00E+03
   1    2 hot  rt   T(balance) / T(spec)  1.000000     frozen   1.00E-04  1.00E+04
   1    2 hot  hden Hyd dens (1E20/m**3) 9.9999998E-15 frozen   1.00E-22  1.00E+10
   1    2 hot  fcov Covering fraction     1.000000     frozen    0.0       1.0
   1    2 hot  v    RMS Velocity (km/s)   127.6026     frozen    0.0      3.00E+05
   1    2 hot  rms  RMS blend    (km/s)  4.4276588E-02 frozen    0.0      1.00E+05
   1    2 hot  dv   Vel. separ. (km/s)    100.0000     frozen    0.0      1.00E+05
   1    2 hot  zv   Average vel. (km/s)  -23.08861     frozen  -1.00E+05  1.00E+05
   1    2 hot  ref  Reference atom        1.000000     frozen    1.0       30.
   1    2 hot  01   Abundance H           1.000000     frozen    0.0      1.00E+10
   1    2 hot  02   Abundance He          1.000000     frozen    0.0      1.00E+10
   1    2 hot  03   Abundance Li          1.000000     frozen    0.0      1.00E+10
   1    2 hot  04   Abundance Be          1.000000     frozen    0.0      1.00E+10
   1    2 hot  05   Abundance B           1.000000     frozen    0.0      1.00E+10
   1    2 hot  06   Abundance C           1.000000     frozen    0.0      1.00E+10
   1    2 hot  07   Abundance N           1.000000     frozen    0.0      1.00E+10
   1    2 hot  08   Abundance O           1.000000     frozen    0.0      1.00E+10
   1    2 hot  09   Abundance F           1.000000     frozen    0.0      1.00E+10
   1    2 hot  10   Abundance Ne          1.000000     frozen    0.0      1.00E+10
   1    2 hot  11   Abundance Na          1.000000     frozen    0.0      1.00E+10
   1    2 hot  12   Abundance Mg          1.000000     frozen    0.0      1.00E+10
   1    2 hot  13   Abundance Al          1.000000     frozen    0.0      1.00E+10
   1    2 hot  14   Abundance Si          1.000000     frozen    0.0      1.00E+10
   1    2 hot  15   Abundance P           1.000000     frozen    0.0      1.00E+10
   1    2 hot  16   Abundance S           1.000000     frozen    0.0      1.00E+10
   1    2 hot  17   Abundance Cl          1.000000     frozen    0.0      1.00E+10
   1    2 hot  18   Abundance Ar          1.000000     frozen    0.0      1.00E+10
   1    2 hot  19   Abundance K           1.000000     frozen    0.0      1.00E+10
   1    2 hot  20   Abundance Ca          1.000000     frozen    0.0      1.00E+10
   1    2 hot  21   Abundance Sc          1.000000     frozen    0.0      1.00E+10
   1    2 hot  22   Abundance Ti          1.000000     frozen    0.0      1.00E+10
   1    2 hot  23   Abundance V           1.000000     frozen    0.0      1.00E+10
   1    2 hot  24   Abundance Cr          1.000000     frozen    0.0      1.00E+10
   1    2 hot  25   Abundance Mn          1.000000     frozen    0.0      1.00E+10
   1    2 hot  26   Abundance Fe          1.000000     frozen    0.0      1.00E+10
   1    2 hot  27   Abundance Co          1.000000     frozen    0.0      1.00E+10
   1    2 hot  28   Abundance Ni          1.000000     frozen    0.0      1.00E+10
   1    2 hot  29   Abundance Cu          1.000000     frozen    0.0      1.00E+10
   1    2 hot  30   Abundance Zn          1.000000     frozen    0.0      1.00E+10
   1    2 hot  file File electr.distrib.
   1    2 hot  b    B field (Tesla)       0.000000     frozen    0.0      1.00E+05

   1    3 pow  norm Norm (1E44 ph/s/keV) 6.1255616E+08 frozen    0.0      1.00E+20
   1    3 pow  gamm Photon index          1.683102     frozen   -10.       10.
   1    3 pow  dgam Photon index break    0.000000     frozen   -10.       10.
   1    3 pow  e0   Break energy (keV)   1.0000000E+10 frozen    0.0      1.00E+20
   1    3 pow  b    Break strength        0.000000     frozen    0.0       10.
   1    3 pow  type Type of norm          0.000000     frozen    0.0       1.0
   1    3 pow  elow Low flux limit (keV)  2.000000     frozen   1.00E-20  1.00E+10
   1    3 pow  eupp Upp flux limit (keV)  10.00000     frozen   1.00E-20  1.00E+10
   1    3 pow  lum  Luminosity (1E30 W)  2.5667306E+07 frozen    0.0      1.00E+20

   1    4 mbb  norm Norm (1E26 m**0.5)   3.3671498E+09 frozen    0.0      1.00E+20
   1    4 mbb  t    Temperature (keV)    0.1619166     frozen   1.00E-04  1.00E+03

   1    5 etau tau0 Tau at E=1 keV       1.3605000E-02 frozen    0.0      1.00E+20
   1    5 etau a    index tau=tau0*E**a  -1.000000     frozen   -10.       10.
   1    5 etau e1   Lower energy (keV)   9.9999997E-21 frozen   1.00E-20  1.00E+20
   1    5 etau e2   Upper energy (keV)   1.0000000E+20 frozen   1.00E-20  1.00E+20
   1    5 etau fcov Covering fraction     1.000000     frozen    0.0       1.0

   1    6 etau tau0 Tau at E=1 keV       7.3500000E-02 frozen    0.0      1.00E+20
   1    6 etau a    index tau=tau0*E**a   1.000000     frozen   -10.       10.
   1    6 etau e1   Lower energy (keV)   9.9999997E-21 frozen   1.00E-20  1.00E+20
   1    6 etau e2   Upper energy (keV)   1.0000000E+20 frozen   1.00E-20  1.00E+20
   1    6 etau fcov Covering fraction     1.000000     frozen    0.0       1.0

   1    7 pion nh   X-Column (1E28/m**2) 6.2396270E-03 frozen   1.00E-14  1.00E+20
   1    7 pion xil  Log xi (1E-9 Wm)      1.049033     frozen   -7.0       10.
   1    7 pion u    U                    0.1101935     frozen   1.00E-10  1.00E+10
   1    7 pion hden X-density(1E20/m**3) 9.9999998E-15 frozen   1.00E-22  1.00E+10
   1    7 pion fcov Covering fraction    0.9905542     frozen    0.0       1.0
   1    7 pion v    RMS Velocity (km/s)   159.3699     frozen    0.0      3.00E+05
   1    7 pion rms  RMS blend    (km/s)   41.20547     frozen    0.0      1.00E+05
   1    7 pion dv   Vel. separ. (km/s)    100.0000     frozen    0.0      1.00E+05
   1    7 pion zv   Average vel. (km/s)  -317.5545     frozen  -1.00E+05  1.00E+05
   1    7 pion type type (0=xi , 1=lixi)  0.000000     frozen    0.0       1.0
   1    7 pion lixi L_ion/xi (1E39/m)    1.4047480E+08 frozen   1.00E-20  1.00E+20
   1    7 pion ref  Reference atom        1.000000     frozen    1.0       30.
   1    7 pion 01   Abundance H           1.000000     frozen    0.0      1.00E+10
   1    7 pion 02   Abundance He          1.000000     frozen    0.0      1.00E+10
   1    7 pion 03   Abundance Li          0.000000     frozen    0.0      1.00E+10
   1    7 pion 04   Abundance Be          0.000000     frozen    0.0      1.00E+10
   1    7 pion 05   Abundance B           0.000000     frozen    0.0      1.00E+10
   1    7 pion 06   Abundance C           1.000000     frozen    0.0      1.00E+10
   1    7 pion 07   Abundance N           1.000000     frozen    0.0      1.00E+10
   1    7 pion 08   Abundance O           1.000000     frozen    0.0      1.00E+10
   1    7 pion 09   Abundance F           0.000000     frozen    0.0      1.00E+10
   1    7 pion 10   Abundance Ne          1.000000     frozen    0.0      1.00E+10
   1    7 pion 11   Abundance Na          1.000000     frozen    0.0      1.00E+10
   1    7 pion 12   Abundance Mg          1.000000     frozen    0.0      1.00E+10
   1    7 pion 13   Abundance Al          1.000000     frozen    0.0      1.00E+10
   1    7 pion 14   Abundance Si          1.000000     frozen    0.0      1.00E+10
   1    7 pion 15   Abundance P           0.000000     frozen    0.0      1.00E+10
   1    7 pion 16   Abundance S           1.000000     frozen    0.0      1.00E+10
   1    7 pion 17   Abundance Cl          0.000000     frozen    0.0      1.00E+10
   1    7 pion 18   Abundance Ar          1.000000     frozen    0.0      1.00E+10
   1    7 pion 19   Abundance K           0.000000     frozen    0.0      1.00E+10
   1    7 pion 20   Abundance Ca          1.000000     frozen    0.0      1.00E+10
   1    7 pion 21   Abundance Sc          0.000000     frozen    0.0      1.00E+10
   1    7 pion 22   Abundance Ti          0.000000     frozen    0.0      1.00E+10
   1    7 pion 23   Abundance V           0.000000     frozen    0.0      1.00E+10
   1    7 pion 24   Abundance Cr          0.000000     frozen    0.0      1.00E+10
   1    7 pion 25   Abundance Mn          0.000000     frozen    0.0      1.00E+10
   1    7 pion 26   Abundance Fe          1.000000     frozen    0.0      1.00E+10
   1    7 pion 27   Abundance Co          0.000000     frozen    0.0      1.00E+10
   1    7 pion 28   Abundance Ni          1.000000     frozen    0.0      1.00E+10
   1    7 pion 29   Abundance Cu          0.000000     frozen    0.0      1.00E+10
   1    7 pion 30   Abundance Zn          0.000000     frozen    0.0      1.00E+10
   1    7 pion file File electr.distrib.
   1    7 pion omeg Scaling factor emis.  0.000000     frozen    0.0      1.00E+10
   1    7 pion mix  Fraction forw. emis.  1.000000     frozen    0.0       1.0
   1    7 pion exth Extern heat (W/m**3)  0.000000     frozen  -1.00E+20  1.00E+20
   1    7 pion fmod Show all solutions    0.000000     frozen    0.0       1.0
   1    7 pion soln Which solution        0.000000     frozen    0.0       8.0
   1    7 pion tmod Temperature mode      0.000000     frozen    0.0       1.0
   1    7 pion tinp Input T (keV)         1.000000     frozen   5.00E-04  1.00E+03
   1    7 pion tadi Adiab. cool time (s) 1.0000000E+30 frozen   1.00E-30  1.00E+30
   1    7 pion acc  Acceler. (m/s**2)    7.2015362E-12 frozen    0.0       0.0

   1    8 pion nh   X-Column (1E28/m**2) 9.3638981E-03 frozen   1.00E-14  1.00E+20
   1    8 pion xil  Log xi (1E-9 Wm)      2.808031     frozen   -7.0       10.
   1    8 pion u    U                     6.256083     frozen   1.00E-10  1.00E+10
   1    8 pion hden X-density(1E20/m**3) 9.9999998E-15 frozen   1.00E-22  1.00E+10
   1    8 pion fcov Covering fraction    0.9992582     frozen    0.0       1.0
   1    8 pion v    RMS Velocity (km/s)   497.3163     frozen    0.0      3.00E+05
   1    8 pion rms  RMS blend    (km/s)   32.09222     frozen    0.0      1.00E+05
   1    8 pion dv   Vel. separ. (km/s)    100.0000     frozen    0.0      1.00E+05
   1    8 pion zv   Average vel. (km/s)  -1202.566     frozen  -1.00E+05  1.00E+05
   1    8 pion type type (0=xi , 1=lixi)  0.000000     frozen    0.0       1.0
   1    8 pion lixi L_ion/xi (1E39/m)     2552689.     frozen   1.00E-20  1.00E+20
   1    8 pion ref  Reference atom        1.000000     frozen    1.0       30.
   1    8 pion 01   Abundance H           1.000000     frozen    0.0      1.00E+10
   1    8 pion 02   Abundance He          1.000000     frozen    0.0      1.00E+10
   1    8 pion 03   Abundance Li          0.000000     frozen    0.0      1.00E+10
   1    8 pion 04   Abundance Be          0.000000     frozen    0.0      1.00E+10
   1    8 pion 05   Abundance B           0.000000     frozen    0.0      1.00E+10
   1    8 pion 06   Abundance C           1.000000     frozen    0.0      1.00E+10
   1    8 pion 07   Abundance N           1.000000     frozen    0.0      1.00E+10
   1    8 pion 08   Abundance O           1.000000     frozen    0.0      1.00E+10
   1    8 pion 09   Abundance F           0.000000     frozen    0.0      1.00E+10
   1    8 pion 10   Abundance Ne          1.000000     frozen    0.0      1.00E+10
   1    8 pion 11   Abundance Na          1.000000     frozen    0.0      1.00E+10
   1    8 pion 12   Abundance Mg          1.000000     frozen    0.0      1.00E+10
   1    8 pion 13   Abundance Al          1.000000     frozen    0.0      1.00E+10
   1    8 pion 14   Abundance Si          1.000000     frozen    0.0      1.00E+10
   1    8 pion 15   Abundance P           0.000000     frozen    0.0      1.00E+10
   1    8 pion 16   Abundance S           1.000000     frozen    0.0      1.00E+10
   1    8 pion 17   Abundance Cl          0.000000     frozen    0.0      1.00E+10
   1    8 pion 18   Abundance Ar          1.000000     frozen    0.0      1.00E+10
   1    8 pion 19   Abundance K           0.000000     frozen    0.0      1.00E+10
   1    8 pion 20   Abundance Ca          1.000000     frozen    0.0      1.00E+10
   1    8 pion 21   Abundance Sc          0.000000     frozen    0.0      1.00E+10
   1    8 pion 22   Abundance Ti          0.000000     frozen    0.0      1.00E+10
   1    8 pion 23   Abundance V           0.000000     frozen    0.0      1.00E+10
   1    8 pion 24   Abundance Cr          0.000000     frozen    0.0      1.00E+10
   1    8 pion 25   Abundance Mn          0.000000     frozen    0.0      1.00E+10
   1    8 pion 26   Abundance Fe          1.000000     frozen    0.0      1.00E+10
   1    8 pion 27   Abundance Co          0.000000     frozen    0.0      1.00E+10
   1    8 pion 28   Abundance Ni          1.000000     frozen    0.0      1.00E+10
   1    8 pion 29   Abundance Cu          0.000000     frozen    0.0      1.00E+10
   1    8 pion 30   Abundance Zn          0.000000     frozen    0.0      1.00E+10
   1    8 pion file File electr.distrib.
   1    8 pion omeg Scaling factor emis.  0.000000     frozen    0.0      1.00E+10
   1    8 pion mix  Fraction forw. emis.  1.000000     frozen    0.0       1.0
   1    8 pion exth Extern heat (W/m**3)  0.000000     frozen  -1.00E+20  1.00E+20
   1    8 pion fmod Show all solutions    0.000000     frozen    0.0       1.0
   1    8 pion soln Which solution        0.000000     frozen    0.0       8.0
   1    8 pion tmod Temperature mode      0.000000     frozen    0.0       1.0
   1    8 pion tinp Input T (keV)         1.000000     frozen   5.00E-04  1.00E+03
   1    8 pion tadi Adiab. cool time (s) 1.0000000E+30 frozen   1.00E-30  1.00E+30
   1    8 pion acc  Acceler. (m/s**2)    3.1768099E-11 frozen    0.0       0.0


Instrument     1 region    1 has norm    1.00000E+00 and is frozen

--------------------------------------------------------------------------------
 Fluxes and restframe luminosities between   2.0000     and    10.000     keV

 sect comp mod   photon flux   energy flux nr of photons    luminosity
              (phot/m**2/s)      (W/m**2)   (photons/s)           (W)
    1    3 pow    732.106      5.014586E-13  3.724843E+52  2.566697E+37
    1    4 mbb    6.79021      2.363974E-15  3.877345E+50  1.344819E+35
    1    7 pion   0.00000       0.00000       0.00000       0.00000
    1    8 pion   0.00000       0.00000       0.00000       0.00000

--------------------------------------------------------------------------------
 Fit method        : Classical Levenberg-Marquardt
 Fit statistic     : C-statistic
 Fit statistic used:      9029.13
 C-statistic       :      9029.13
 Expected C-stat   :      2035.11 +/-        62.86
 Chi-squared value :     10578.23
 Degrees of freedom:      2041
 W-statistic       :      8959.73

par show
--------------------------------------------------------------------------------
 Number of sectors         :     1
 Sector:    1 Number of model components:     8
    Nr.    1: reds
    Nr.    2: hot
    Nr.    3: pow [5,6,8,7,1,2 ]
    Nr.    4: mbb [8,7,1,2 ]
    Nr.    5: etau
    Nr.    6: etau
    Nr.    7: pion[]
    Nr.    8: pion[]
model show
