log output 5-5-3jmao_results
--------------------------------------------------------------------------------------------------
sect comp mod  acro parameter with unit     value      status    minimum   maximum lsec lcom lpar



   1    3 pow  norm Norm (1E44 ph/s/keV) 5.9714451E+08 thawn     0.0      1.00E+20
   1    3 pow  gamm Photon index          1.910685     thawn    -10.       10.

   1    4 mbb  norm Norm (1E26 m**0.5)   5.3027446E+09 thawn     0.0      1.00E+20
   1    4 mbb  t    Temperature (keV)    0.1516176     thawn    1.00E-04  1.00E+03

   1    5 pion nh   X-Column (1E28/m**2) 7.3783146E-03 thawn    1.00E-14  1.00E+20
   1    5 pion xil  Log xi (1E-9 Wm)     0.9744695     thawn    -7.0       10.


Instrument     1 region    1 has norm    1.00000E+00 and is frozen

--------------------------------------------------------------------------------
 Fluxes and restframe luminosities between   2.0000     and    10.000     keV

 sect comp mod   photon flux   energy flux nr of photons    luminosity
              (phot/m**2/s)      (W/m**2)   (photons/s)           (W)
    1    3 pow    749.304      5.207317E-13  2.682502E+52  1.761727E+37
    1    4 mbb    4.56082      1.579606E-15  2.467979E+50  8.517882E+34
    1    5 pion   0.00000       0.00000       0.00000       0.00000

--------------------------------------------------------------------------------
 Fit method        : Classical Levenberg-Marquardt
 Fit statistic     : C-statistic
 Fit statistic used:     81186.08
 C-statistic       :     81186.08
 Expected C-stat   :      2023.71 +/-        62.74
 Chi-squared value :    779473.06
 Degrees of freedom:      2036
 W-statistic       :     80325.59

par show free
