log output 5-6-1fit6
--------------------------------------------------------------------------------
 Number of sectors         :     1
 Sector:    1 Number of model components:     6
    Nr.    1: reds
    Nr.    2: hot
    Nr.    3: pow [6,5,1,2 ]
    Nr.    4: mbb [6,5,1,2 ]
    Nr.    5: pion[]
    Nr.    6: pion[]
model show
--------------------------------------------------------------------------------------------------
sect comp mod  acro parameter with unit     value      status    minimum   maximum lsec lcom lpar

   1    1 reds z    Redshift             1.1580000E-02 frozen   -1.0      1.00E+10
   1    1 reds flag Flag: cosmo=0, vel=1  0.000000     frozen    0.0       1.0

   1    2 hot  nh   X-Column (1E28/m**2) 8.4753865E-03 frozen    0.0      1.00E+20
   1    2 hot  t    Temperature (keV)    1.0000000E-06 frozen   1.00E-06  1.00E+03
   1    2 hot  rt   T(balance) / T(spec)  1.000000     frozen   1.00E-04  1.00E+04
   1    2 hot  hden Hyd dens (1E20/m**3) 9.9999998E-15 frozen   1.00E-22  1.00E+10
   1    2 hot  fcov Covering fraction     1.000000     frozen    0.0       1.0
   1    2 hot  v    RMS Velocity (km/s)   100.0000     frozen    0.0      3.00E+05
   1    2 hot  rms  RMS blend    (km/s)   0.000000     frozen    0.0      1.00E+05
   1    2 hot  dv   Vel. separ. (km/s)    100.0000     frozen    0.0      1.00E+05
   1    2 hot  zv   Average vel. (km/s)   0.000000     frozen  -1.00E+05  1.00E+05
   1    2 hot  ref  Reference atom        1.000000     frozen    1.0       30.
   1    2 hot  01   Abundance H           1.000000     frozen    0.0      1.00E+10
   1    2 hot  02   Abundance He          1.000000     frozen    0.0      1.00E+10
   1    2 hot  03   Abundance Li          1.000000     frozen    0.0      1.00E+10
   1    2 hot  04   Abundance Be          1.000000     frozen    0.0      1.00E+10
   1    2 hot  05   Abundance B           1.000000     frozen    0.0      1.00E+10
   1    2 hot  06   Abundance C          0.2970707     frozen    0.0      1.00E+10
   1    2 hot  07   Abundance N           1.000000     frozen    0.0      1.00E+10
   1    2 hot  08   Abundance O          0.8930254     frozen    0.0      1.00E+10
   1    2 hot  09   Abundance F           1.000000     frozen    0.0      1.00E+10
   1    2 hot  10   Abundance Ne         0.7163974     frozen    0.0      1.00E+10
   1    2 hot  11   Abundance Na          1.000000     frozen    0.0      1.00E+10
   1    2 hot  12   Abundance Mg          1.000000     frozen    0.0      1.00E+10
   1    2 hot  13   Abundance Al          1.000000     frozen    0.0      1.00E+10
   1    2 hot  14   Abundance Si          1.000000     frozen    0.0      1.00E+10
   1    2 hot  15   Abundance P           1.000000     frozen    0.0      1.00E+10
   1    2 hot  16   Abundance S           1.000000     frozen    0.0      1.00E+10
   1    2 hot  17   Abundance Cl          1.000000     frozen    0.0      1.00E+10
   1    2 hot  18   Abundance Ar          1.000000     frozen    0.0      1.00E+10
   1    2 hot  19   Abundance K           1.000000     frozen    0.0      1.00E+10
   1    2 hot  20   Abundance Ca         0.5739552     frozen    0.0      1.00E+10
   1    2 hot  21   Abundance Sc          1.000000     frozen    0.0      1.00E+10
   1    2 hot  22   Abundance Ti          1.000000     frozen    0.0      1.00E+10
   1    2 hot  23   Abundance V           1.000000     frozen    0.0      1.00E+10
   1    2 hot  24   Abundance Cr          1.000000     frozen    0.0      1.00E+10
   1    2 hot  25   Abundance Mn          1.000000     frozen    0.0      1.00E+10
   1    2 hot  26   Abundance Fe         0.8120553     frozen    0.0      1.00E+10
   1    2 hot  27   Abundance Co          1.000000     frozen    0.0      1.00E+10
   1    2 hot  28   Abundance Ni          1.000000     frozen    0.0      1.00E+10
   1    2 hot  29   Abundance Cu          1.000000     frozen    0.0      1.00E+10
   1    2 hot  30   Abundance Zn          1.000000     frozen    0.0      1.00E+10
   1    2 hot  file File electr.distrib.
   1    2 hot  b    B field (Tesla)       0.000000     frozen    0.0      1.00E+05

   1    3 pow  norm Norm (1E44 ph/s/keV) 5.6048378E+08 frozen    0.0      1.00E+20
   1    3 pow  gamm Photon index          1.852068     frozen   -10.       10.
   1    3 pow  dgam Photon index break    0.000000     frozen   -10.       10.
   1    3 pow  e0   Break energy (keV)   1.0000000E+10 frozen    0.0      1.00E+20
   1    3 pow  b    Break strength        0.000000     frozen    0.0       10.
   1    3 pow  type Type of norm          0.000000     frozen    0.0       1.0
   1    3 pow  elow Low flux limit (keV)  2.000000     frozen   1.00E-20  1.00E+10
   1    3 pow  eupp Upp flux limit (keV)  10.00000     frozen   1.00E-20  1.00E+10
   1    3 pow  lum  Luminosity (1E30 W)  1.8080554E+07 frozen    0.0      1.00E+20

   1    4 mbb  norm Norm (1E26 m**0.5)   2.2928940E+09 frozen    0.0      1.00E+20
   1    4 mbb  t    Temperature (keV)    0.1691861     frozen   1.00E-04  1.00E+03

   1    5 pion nh   X-Column (1E28/m**2) 7.9214321E-03 frozen   1.00E-14  1.00E+20
   1    5 pion xil  Log xi (1E-9 Wm)      1.117195     frozen   -7.0       10.
   1    5 pion u    U                    0.1267200     frozen   1.00E-10  1.00E+10
   1    5 pion hden X-density(1E20/m**3) 9.9999998E-15 frozen   1.00E-22  1.00E+10
   1    5 pion fcov Covering fraction     1.000000     thawn     0.0       1.0
   1    5 pion v    RMS Velocity (km/s)   124.3689     thawn     0.0      3.00E+05
   1    5 pion rms  RMS blend    (km/s)   0.000000     thawn     0.0      1.00E+05
   1    5 pion dv   Vel. separ. (km/s)    100.0000     frozen    0.0      1.00E+05
   1    5 pion zv   Average vel. (km/s)  -324.8782     thawn   -1.00E+05  1.00E+05
   1    5 pion type type (0=xi , 1=lixi)  0.000000     frozen    0.0       1.0
   1    5 pion lixi L_ion/xi (1E39/m)    9.2459544E+07 frozen   1.00E-20  1.00E+20
   1    5 pion ref  Reference atom        1.000000     frozen    1.0       30.
   1    5 pion 01   Abundance H           1.000000     frozen    0.0      1.00E+10
   1    5 pion 02   Abundance He          0.000000     frozen    0.0      1.00E+10
   1    5 pion 03   Abundance Li          0.000000     frozen    0.0      1.00E+10
   1    5 pion 04   Abundance Be          0.000000     frozen    0.0      1.00E+10
   1    5 pion 05   Abundance B           0.000000     frozen    0.0      1.00E+10
   1    5 pion 06   Abundance C           1.917508     frozen    0.0      1.00E+10
   1    5 pion 07   Abundance N          0.6730170     frozen    0.0      1.00E+10
   1    5 pion 08   Abundance O           1.250547     frozen    0.0      1.00E+10
   1    5 pion 09   Abundance F           0.000000     frozen    0.0      1.00E+10
   1    5 pion 10   Abundance Ne         0.8189259     frozen    0.0      1.00E+10
   1    5 pion 11   Abundance Na          3.707757     frozen    0.0      1.00E+10
   1    5 pion 12   Abundance Mg          1.535375     frozen    0.0      1.00E+10
   1    5 pion 13   Abundance Al          1.500000     frozen    0.0      1.00E+10
   1    5 pion 14   Abundance Si          0.000000     frozen    0.0      1.00E+10
   1    5 pion 15   Abundance P           0.000000     frozen    0.0      1.00E+10
   1    5 pion 16   Abundance S           0.000000     frozen    0.0      1.00E+10
   1    5 pion 17   Abundance Cl          0.000000     frozen    0.0      1.00E+10
   1    5 pion 18   Abundance Ar          1.000000     frozen    0.0      1.00E+10
   1    5 pion 19   Abundance K           0.000000     frozen    0.0      1.00E+10
   1    5 pion 20   Abundance Ca         0.5684181     frozen    0.0      1.00E+10
   1    5 pion 21   Abundance Sc          0.000000     frozen    0.0      1.00E+10
   1    5 pion 22   Abundance Ti          0.000000     frozen    0.0      1.00E+10
   1    5 pion 23   Abundance V           0.000000     frozen    0.0      1.00E+10
   1    5 pion 24   Abundance Cr          0.000000     frozen    0.0      1.00E+10
   1    5 pion 25   Abundance Mn          0.000000     frozen    0.0      1.00E+10
   1    5 pion 26   Abundance Fe         0.5838214     frozen    0.0      1.00E+10
   1    5 pion 27   Abundance Co          0.000000     frozen    0.0      1.00E+10
   1    5 pion 28   Abundance Ni         0.1436244     frozen    0.0      1.00E+10
   1    5 pion 29   Abundance Cu          0.000000     frozen    0.0      1.00E+10
   1    5 pion 30   Abundance Zn          0.000000     frozen    0.0      1.00E+10
   1    5 pion file File electr.distrib.
   1    5 pion omeg Scaling factor emis.  0.000000     frozen    0.0      1.00E+10
   1    5 pion mix  Fraction forw. emis.  1.000000     frozen    0.0       1.0
   1    5 pion exth Extern heat (W/m**3)  0.000000     frozen  -1.00E+20  1.00E+20
   1    5 pion fmod Show all solutions    0.000000     frozen    0.0       1.0
   1    5 pion soln Which solution        0.000000     frozen    0.0       8.0
   1    5 pion tmod Temperature mode      0.000000     frozen    0.0       1.0
   1    5 pion tinp Input T (keV)         1.000000     frozen   5.00E-04  1.00E+03
   1    5 pion tadi Adiab. cool time (s) 1.0000000E+30 frozen   1.00E-30  1.00E+30
   1    5 pion acc  Acceler. (m/s**2)    6.1070528E-12 frozen    0.0       0.0

   1    6 pion nh   X-Column (1E28/m**2) 1.1398629E-03 frozen   1.00E-14  1.00E+20
   1    6 pion xil  Log xi (1E-9 Wm)      2.758701     frozen   -7.0       10.
   1    6 pion u    U                     5.483837     frozen   1.00E-10  1.00E+10
   1    6 pion hden X-density(1E20/m**3) 9.9999998E-15 frozen   1.00E-22  1.00E+10
   1    6 pion fcov Covering fraction    0.9516271     thawn     0.0       1.0
   1    6 pion v    RMS Velocity (km/s)   452.6951     thawn     0.0      3.00E+05
   1    6 pion rms  RMS blend    (km/s)   0.000000     thawn     0.0      1.00E+05
   1    6 pion dv   Vel. separ. (km/s)    100.0000     frozen    0.0      1.00E+05
   1    6 pion zv   Average vel. (km/s)  -1224.290     thawn   -1.00E+05  1.00E+05
   1    6 pion type type (0=xi , 1=lixi)  0.000000     frozen    0.0       1.0
   1    6 pion lixi L_ion/xi (1E39/m)     2188468.     frozen   1.00E-20  1.00E+20
   1    6 pion ref  Reference atom        1.000000     frozen    1.0       30.
   1    6 pion 01   Abundance H           1.000000     frozen    0.0      1.00E+10
   1    6 pion 02   Abundance He          2.272774     frozen    0.0      1.00E+10
   1    6 pion 03   Abundance Li          0.000000     frozen    0.0      1.00E+10
   1    6 pion 04   Abundance Be          0.000000     frozen    0.0      1.00E+10
   1    6 pion 05   Abundance B           0.000000     frozen    0.0      1.00E+10
   1    6 pion 06   Abundance C           1.000000     frozen    0.0      1.00E+10
   1    6 pion 07   Abundance N           1.000000     frozen    0.0      1.00E+10
   1    6 pion 08   Abundance O           1.000000     frozen    0.0      1.00E+10
   1    6 pion 09   Abundance F           0.000000     frozen    0.0      1.00E+10
   1    6 pion 10   Abundance Ne          10.90685     frozen    0.0      1.00E+10
   1    6 pion 11   Abundance Na          13.08024     frozen    0.0      1.00E+10
   1    6 pion 12   Abundance Mg          10.05478     frozen    0.0      1.00E+10
   1    6 pion 13   Abundance Al          1.000000     frozen    0.0      1.00E+10
   1    6 pion 14   Abundance Si          1.000000     frozen    0.0      1.00E+10
   1    6 pion 15   Abundance P           0.000000     frozen    0.0      1.00E+10
   1    6 pion 16   Abundance S           1.000000     frozen    0.0      1.00E+10
   1    6 pion 17   Abundance Cl          0.000000     frozen    0.0      1.00E+10
   1    6 pion 18   Abundance Ar          1.000000     frozen    0.0      1.00E+10
   1    6 pion 19   Abundance K           0.000000     frozen    0.0      1.00E+10
   1    6 pion 20   Abundance Ca          69.62210     frozen    0.0      1.00E+10
   1    6 pion 21   Abundance Sc          0.000000     frozen    0.0      1.00E+10
   1    6 pion 22   Abundance Ti          0.000000     frozen    0.0      1.00E+10
   1    6 pion 23   Abundance V           0.000000     frozen    0.0      1.00E+10
   1    6 pion 24   Abundance Cr          0.000000     frozen    0.0      1.00E+10
   1    6 pion 25   Abundance Mn          0.000000     frozen    0.0      1.00E+10
   1    6 pion 26   Abundance Fe          7.446440     frozen    0.0      1.00E+10
   1    6 pion 27   Abundance Co          0.000000     frozen    0.0      1.00E+10
   1    6 pion 28   Abundance Ni          0.000000     frozen    0.0      1.00E+10
   1    6 pion 29   Abundance Cu          0.000000     frozen    0.0      1.00E+10
   1    6 pion 30   Abundance Zn          0.000000     frozen    0.0      1.00E+10
   1    6 pion file File electr.distrib.
   1    6 pion omeg Scaling factor emis.  0.000000     frozen    0.0      1.00E+10
   1    6 pion mix  Fraction forw. emis.  1.000000     frozen    0.0       1.0
   1    6 pion exth Extern heat (W/m**3)  0.000000     frozen  -1.00E+20  1.00E+20
   1    6 pion fmod Show all solutions    0.000000     frozen    0.0       1.0
   1    6 pion soln Which solution        0.000000     frozen    0.0       8.0
   1    6 pion tmod Temperature mode      0.000000     frozen    0.0       1.0
   1    6 pion tinp Input T (keV)         1.000000     frozen   5.00E-04  1.00E+03
   1    6 pion tadi Adiab. cool time (s) 1.0000000E+30 frozen   1.00E-30  1.00E+30
   1    6 pion acc  Acceler. (m/s**2)    1.5093846E-10 frozen    0.0       0.0


Instrument     1 region    1 has norm    1.00000E+00 and is frozen

--------------------------------------------------------------------------------
 Fluxes and restframe luminosities between   2.0000     and    10.000     keV

 sect comp mod   photon flux   energy flux nr of photons    luminosity
              (phot/m**2/s)      (W/m**2)   (photons/s)           (W)
    1    3 pow    751.485      5.307231E-13  2.719363E+52  1.808029E+37
    1    4 mbb    8.44456      2.955938E-15  4.694298E+50  1.633826E+35
    1    5 pion   0.00000       0.00000       0.00000       0.00000
    1    6 pion   0.00000       0.00000       0.00000       0.00000

--------------------------------------------------------------------------------
 Fit method        : Classical Levenberg-Marquardt
 Fit statistic     : C-statistic
 Fit statistic used:     19325.27
 C-statistic       :     19325.27
 Expected C-stat   :      2036.07 +/-        62.86
 Chi-squared value :     28255.20
 Degrees of freedom:      2034
 W-statistic       :     19233.87

par show
