log output flux overwrite
 Distances assuming H0 =  70.0 km/s/Mpc, Omega_m = 0.300 Omega_Lambda = 0.700 Omega_r = 0.000
Sector       m      A.U.        ly        pc       kpc       Mpc  redshift        cz   age(yr)
----------------------------------------------------------------------------------------------
   1 1.544E+24 1.032E+13 1.632E+08 5.004E+07 5.004E+04   50.0375    0.0116    3471.6 1.604E+08
----------------------------------------------------------------------------------------------

distance show
--------------------------------------------------------------------------------
 Number of sectors         :     1
 Sector:    1 Number of model components:     4
    Nr.    1: reds
    Nr.    2: hot
    Nr.    3: pow [1,2 ]
    Nr.    4: mbb [1,2 ]
model show
--------------------------------------------------------------------------------
 Fluxes and restframe luminosities between  0.50000     and    10.000     keV

 sect comp mod   photon flux   energy flux nr of photons    luminosity
              (phot/m**2/s)      (W/m**2)   (photons/s)           (W)
    1    3 pow    1141.56      6.303949E-13  8.557751E+52  2.670189E+37
    1    4 mbb    1520.93      2.434362E-13  1.348529E+54  1.456384E+38

par show flux
