log output flux-initial overwrite
 Distances assuming H0 =  70.0 km/s/Mpc, Omega_m = 0.300 Omega_Lambda = 0.700 Omega_r = 0.000
Sector       m      A.U.        ly        pc       kpc       Mpc  redshift        cz   age(yr)
----------------------------------------------------------------------------------------------
   1 1.000E+22 6.685E+10 1.057E+06 3.241E+05  324.0779    0.3241    0.0001      22.7 1.057E+06
----------------------------------------------------------------------------------------------

distance show
--------------------------------------------------------------------------------
 Number of sectors         :     1
 Sector:    1 Number of model components:     4
    Nr.    1: reds
    Nr.    2: hot
    Nr.    3: pow [1,2 ]
    Nr.    4: mbb [1,2 ]
model show
--------------------------------------------------------------------------------
 Fluxes and restframe luminosities between  0.50000     and    10.000     keV

 sect comp mod   photon flux   energy flux nr of photons    luminosity
              (phot/m**2/s)      (W/m**2)   (photons/s)           (W)
    1    3 pow   2.721399E+07  1.502814E-08  8.557751E+52  2.670189E+37
    1    4 mbb   3.625783E+07  5.803337E-09  1.348529E+54  1.456384E+38

par show flux
